;  LST file generated by mikroListExporter - v.2.0 
; Date/Time: 22/10/2018 3:12:47
;----------------------------------------------

;Address Opcode 	ASM
0x0000	0xF000EF39  	GOTO        114
_interrupt:
;MyProject.c,25 :: 		void interrupt(){
0x0008	0xF015C000  	MOVFF       R0, 21
;MyProject.c,26 :: 		if(INT0IF_bit==1){
0x000C	0xA2F2      	BTFSS       INT0IF_bit, BitPos(INT0IF_bit+0) 
0x000E	0xD00E      	BRA         L_interrupt0
;MyProject.c,27 :: 		INT0IF_bit = 0;
0x0010	0x92F2      	BCF         INT0IF_bit, BitPos(INT0IF_bit+0) 
;MyProject.c,28 :: 		if(ejecuta==0) ejecuta=1;
0x0012	0x0E00      	MOVLW       0
0x0014	0x1819      	XORWF       _ejecuta+1, 0 
0x0016	0xE102      	BNZ         L__interrupt16
0x0018	0x0E00      	MOVLW       0
0x001A	0x1818      	XORWF       _ejecuta, 0 
L__interrupt16:
0x001C	0xE105      	BNZ         L_interrupt1
0x001E	0x0E01      	MOVLW       1
0x0020	0x6E18      	MOVWF       _ejecuta 
0x0022	0x0E00      	MOVLW       0
0x0024	0x6E19      	MOVWF       _ejecuta+1 
0x0026	0xD002      	BRA         L_interrupt2
L_interrupt1:
;MyProject.c,29 :: 		else  ejecuta = 0;
0x0028	0x6A18      	CLRF        _ejecuta 
0x002A	0x6A19      	CLRF        _ejecuta+1 
L_interrupt2:
;MyProject.c,31 :: 		}
L_interrupt0:
;MyProject.c,33 :: 		}
L_end_interrupt:
L__interrupt15:
0x002C	0xF000C015  	MOVFF       21, R0
0x0030	0x0011      	RETFIE      1
; end of _interrupt
___CC2DW:
;__Lib_System.c,21 :: 		
;__Lib_System.c,23 :: 		
_CC2DL_Loop1:
;__Lib_System.c,24 :: 		
0x0032	0x0009      	TBLRD*+
;__Lib_System.c,25 :: 		
0x0034	0xFFE6CFF5  	MOVFF       TABLAT, POSTINC1
;__Lib_System.c,26 :: 		
0x0038	0x0600      	DECF        R0, 1, 0
;__Lib_System.c,27 :: 		
0x003A	0xE1FB      	BNZ         _CC2DL_Loop1
;__Lib_System.c,28 :: 		
0x003C	0x0601      	DECF        R1, 1, 0
;__Lib_System.c,29 :: 		
0x003E	0xE1F9      	BNZ         _CC2DL_Loop1
;__Lib_System.c,31 :: 		
L_end___CC2DW:
0x0040	0x0012      	RETURN      0
; end of ___CC2DW
_configurar:
;MyProject.c,4 :: 		void configurar()
;MyProject.c,6 :: 		ADCON1 = 0xFF;
0x0042	0x0EFF      	MOVLW       255
0x0044	0x6EC1      	MOVWF       ADCON1 
;MyProject.c,7 :: 		TRISB = 0xFF;
0x0046	0x0EFF      	MOVLW       255
0x0048	0x6E93      	MOVWF       TRISB 
;MyProject.c,8 :: 		TRISD =0;
0x004A	0x6A95      	CLRF        TRISD 
;MyProject.c,9 :: 		PORTD=0;
0x004C	0x6A83      	CLRF        PORTD 
;MyProject.c,10 :: 		PORTB = 0;
0x004E	0x6A81      	CLRF        PORTB 
;MyProject.c,13 :: 		INTCON = 0xF0;
0x0050	0x0EF0      	MOVLW       240
0x0052	0x6EF2      	MOVWF       INTCON 
;MyProject.c,14 :: 		INTCON2 = 0xF4;
0x0054	0x0EF4      	MOVLW       244
0x0056	0x6EF1      	MOVWF       INTCON2 
;MyProject.c,17 :: 		T0CON = 0X03;
0x0058	0x0E03      	MOVLW       3
0x005A	0x6ED5      	MOVWF       T0CON 
;MyProject.c,18 :: 		TMR0L = 0xDB;
0x005C	0x0EDB      	MOVLW       219
0x005E	0x6ED6      	MOVWF       TMR0L 
;MyProject.c,19 :: 		TMR0H = 0x0B;
0x0060	0x0E0B      	MOVLW       11
0x0062	0x6ED7      	MOVWF       TMR0H 
;MyProject.c,20 :: 		contador =0;
0x0064	0x6A1A      	CLRF        _contador 
0x0066	0x6A1B      	CLRF        _contador+1 
;MyProject.c,21 :: 		ejecuta =0;
0x0068	0x6A18      	CLRF        _ejecuta 
0x006A	0x6A19      	CLRF        _ejecuta+1 
;MyProject.c,22 :: 		T0IE_bit = 1;
0x006C	0x8AF2      	BSF         T0IE_bit, BitPos(T0IE_bit+0) 
;MyProject.c,23 :: 		TMR0ON_bit = 1;
0x006E	0x8ED5      	BSF         TMR0ON_bit, BitPos(TMR0ON_bit+0) 
;MyProject.c,24 :: 		}
L_end_configurar:
0x0070	0x0012      	RETURN      0
; end of _configurar
_main:
;MyProject.c,34 :: 		void main() {
;MyProject.c,35 :: 		configurar();
0x0072	0xDFE7      	RCALL       _configurar
;MyProject.c,37 :: 		do{
L_main3:
;MyProject.c,40 :: 		while(ejecuta){
L_main6:
0x0074	0x5018      	MOVF        _ejecuta, 0 
0x0076	0x1019      	IORWF       _ejecuta+1, 0 
0x0078	0xE020      	BZ          L_main7
;MyProject.c,42 :: 		PORTD=contador;
0x007A	0xFF83C01A  	MOVFF       _contador, PORTD
;MyProject.c,43 :: 		if (contador<=255) contador++;
0x007E	0x0E80      	MOVLW       128
0x0080	0x6E00      	MOVWF       R0 
0x0082	0x0E80      	MOVLW       128
0x0084	0x181B      	XORWF       _contador+1, 0 
0x0086	0x5C00      	SUBWF       R0, 0 
0x0088	0xE102      	BNZ         L__main18
0x008A	0x501A      	MOVF        _contador, 0 
0x008C	0x08FF      	SUBLW       255
L__main18:
0x008E	0xE303      	BNC         L_main8
0x0090	0x4A1A      	INFSNZ      _contador, 1 
0x0092	0x2A1B      	INCF        _contador+1, 1 
0x0094	0xD002      	BRA         L_main9
L_main8:
;MyProject.c,44 :: 		else contador =0;
0x0096	0x6A1A      	CLRF        _contador 
0x0098	0x6A1B      	CLRF        _contador+1 
L_main9:
;MyProject.c,45 :: 		for(var =0;var<5000;var++){
0x009A	0x6A16      	CLRF        _var 
0x009C	0x6A17      	CLRF        _var+1 
L_main10:
0x009E	0x0E80      	MOVLW       128
0x00A0	0x1817      	XORWF       _var+1, 0 
0x00A2	0x6E00      	MOVWF       R0 
0x00A4	0x0E80      	MOVLW       128
0x00A6	0x0A13      	XORLW       19
0x00A8	0x5C00      	SUBWF       R0, 0 
0x00AA	0xE102      	BNZ         L__main19
0x00AC	0x0E88      	MOVLW       136
0x00AE	0x5C16      	SUBWF       _var, 0 
L__main19:
0x00B0	0xE203      	BC          L_main11
0x00B2	0x4A16      	INFSNZ      _var, 1 
0x00B4	0x2A17      	INCF        _var+1, 1 
;MyProject.c,46 :: 		}
0x00B6	0xD7F3      	BRA         L_main10
L_main11:
;MyProject.c,47 :: 		}
0x00B8	0xD7DD      	BRA         L_main6
L_main7:
;MyProject.c,49 :: 		}while(1);
0x00BA	0xD7DC      	BRA         L_main3
;MyProject.c,51 :: 		}
L_end_main:
0x00BC	0xD7FF      	BRA         $+0
; end of _main
Symbol List:
//** Routines locations **
//ADDRESS    SIZE    PROCEDURE
//----------------------------------------------
0x0008      [42]    _interrupt
0x0032      [16]    ___CC2DW
0x0042      [48]    _configurar
0x0072      [76]    _main
//** Variables locations ** 
//ADDRESS    SIZE    VARIABLE
//----------------------------------------------
0x0000       [1]    UART1_Init_tmp_L0
0x0000       [1]    EEPROM_Write_SaveINTCON_L0
0x0000       [1]    __Lib_SoftI2C_PutZerosToLATSda_temp_sda_L0
0x0000       [1]    FLASH_Erase_64_SaveINTCON_L0
0x0000       [1]    SPI1_Write_tmp_L0
0x0000       [1]    __Lib_SoftI2C_PutZerosToLATScl_temp_scl_L0
0x0000       [1]    R0
0x0001       [1]    __Lib_PS2_Wait_Falling_nsample_L0
0x0001       [1]    __Lib_TFT_JPEG_FileReadBytes_Result_L0
0x0001       [1]    __Lib_TFT_JPEG_FileRead_i_L0
0x0001       [1]    I2C1_Rd_tmp_L0
0x0001       [1]    UART1_Read___tmp_UART1_Read_L0
0x0001       [1]    __Lib_TFT_16bit_JPEG_FileRead_i_L0
0x0001       [1]    __Lib_TFT_16bit_JPEG_FileReadBytes_Result_L0
0x0001       [1]    R1
0x0001       [1]    FLASH_Erase_Write_64_i_L0
0x0001       [2]    FLASH_Read_N_Bytes_i_L0
0x0001       [1]    ispunct_rslt_L0
0x0001       [1]    FLASH_Write_32_i_L0
0x0002       [1]    FLASH_Erase_Write_64_j_L0
0x0002       [1]    R2
0x0002       [1]    __Lib_USB_genHID_USB_CtrlTrf_Rx_Service_byteToRead_L0
0x0002       [2]    memset_pp_L0
0x0002       [2]    memcpy_dd_L0
0x0002       [1]    FLASH_Write_32_SaveINTCON_L0
0x0002       [2]    __Lib_USB_genHID_memset_usb_pp_L0
0x0002       [2]    strlen_cp_L0
0x0002       [2]    __Lib_USB_genHID_memset_usb_int_pp_L0
0x0002       [2]    memchr_s_L0
0x0003       [2]    MM_TotalFreeMemSize_Tot_L0
0x0003       [2]    __Lib_MmcFat16_f16_toInt_l_L0
0x0003       [2]    __Lib_USB_genHID_USB_CtrlTrf_Tx_Service_byteToSend_L0
0x0003       [2]    Ltrim_original_L0
0x0003       [1]    FLASH_Erase_Write_64_SaveINTCON_L0
0x0003       [1]    R3
0x0003       [1]    __Lib_USB_genHID_USB_CtrlTrf_Rx_Service_i_L0
0x0003       [1]    MM_Init_i_L0
0x0003       [2]    memmove_tt_L0
0x0004       [2]    memcpy_ss_L0
0x0004       [2]    strcat_cp_L0
0x0004       [2]    __Lib_USB_genHID_USB_Get_Status_Handler_p_L2
0x0004       [2]    __Lib_USB_genHID_USB_Std_Feature_Req_Handler_p_L0
0x0004       [1]    R4
0x0004       [2]    __Lib_USB_genHID_USB_Transfer_Packet_Int_handle_L0
0x0004       [2]    __Lib_MemManager_MM_GetMemAlign_P_L0
0x0004       [2]    strcpy_cp_L0
0x0004       [1]    __Lib_USB_genHID_GetMaxIndexInDevDsc_index_L0
0x0004       [2]    frexp_pom_L0
0x0004       [2]    __Lib_USB_genHID_USB_Transfer_Packet_handle_L0
0x0004       [2]    strncat_cp_L0
0x0004       [2]    strncpy_cp_L0
0x0005       [2]    memmove_ff_L0
0x0005       [2]    LongWordToHex_input_half_L0
0x0005       [1]    R5
0x0005       [2]    Ltrim_p_L0
0x0005       [1]    MM_TotalFreeMemSize_i_L0
0x0005       [2]    __Lib_USB_genHID_USB_Configure_Endpoint_handle_L0
0x0005       [2]    LongIntToHex_input_half_L0
0x0006       [1]    __Lib_MemManager_MM_GetMemAlign_i_L0
0x0006       [2]    __Lib_USB_genHID_GetMaxIndexInConfigDsc_totalLen_L0
0x0006       [1]    R6
0x0007       [1]    __Lib_TFT_JPEG_GenerateHuffmanTables_bLength_L0
0x0007       [1]    __Lib_TFT_16bit_JPEG_GenerateHuffmanTables_bLength_L0
0x0007       [1]    R7
0x0008       [1]    __Lib_TFT_JPEG_GenerateHuffmanTables_bTable_L0
0x0008       [3]    __Lib_USB_genHID_GetMaxIndexInConfigDsc_ptr_L0
0x0008       [1]    R8
0x0008       [1]    __Lib_TFT_16bit_JPEG_GenerateHuffmanTables_bTable_L0
0x0009       [1]    R9
0x0009       [4]    __Lib_MmcFat16_f16_toLong_l_L0
0x000A       [1]    R10
0x000B       [1]    R11
0x000C       [1]    R12
0x000D       [1]    R13
0x000E       [1]    R14
0x000F       [1]    R15
0x0010       [1]    R16
0x0011       [1]    R17
0x0012       [1]    R18
0x0013       [1]    R19
0x0014       [1]    R20
0x0016       [2]    _var
0x0018       [2]    _ejecuta
0x001A       [2]    _contador
0x0F81       [1]    PORTB
0x0F83       [1]    PORTD
0x0F93       [1]    TRISB
0x0F95       [1]    TRISD
0x0FC1       [1]    ADCON1
0x0FD5       [1]    T0CON
0x0FD5       [0]    TMR0ON_bit
0x0FD6       [1]    TMR0L
0x0FD7       [1]    TMR0H
0x0FD8       [1]    STATUS
0x0FD9       [1]    FSR2L
0x0FDA       [1]    FSR2H
0x0FDE       [1]    POSTINC2
0x0FE0       [1]    BSR
0x0FE1       [1]    FSR1L
0x0FE2       [1]    FSR1H
0x0FE4       [1]    PREINC1
0x0FE6       [1]    POSTINC1
0x0FE7       [1]    INDF1
0x0FE8       [1]    WREG
0x0FE9       [1]    FSR0L
0x0FEA       [1]    FSR0H
0x0FEE       [1]    POSTINC0
0x0FF1       [1]    INTCON2
0x0FF2       [0]    INT0IF_bit
0x0FF2       [0]    T0IE_bit
0x0FF2       [1]    INTCON
0x0FF3       [1]    PRODL
0x0FF4       [1]    PRODH
0x0FF5       [1]    TABLAT
0x0FF6       [1]    TBLPTRL
0x0FF7       [1]    TBLPTRH
0x0FF8       [1]    TBLPTRU
//** Label List: ** 
//----------------------------------------------
  L_interrupt0
  L_interrupt1
  L_interrupt2
  L_main3
  L_main4
  L_main5
  L_main6
  L_main7
  L_main8
  L_main9
  L_main10
  L_main11
  L_main12
  L_end_configurar
  _configurar
  L_end_interrupt
  _interrupt
  L__interrupt15
  L__interrupt16
  L_end_main
  _main
  L__main18
  L__main19
  _CC2D_Loop1
  _CC2DL_Loop1
  L_loopCA2AWs
  L_loopCCA2AWs
  L_loopCS2Ss
  L_CS2Send
  L_loopCCS2Ss
  L_CCS2Send
  L_loopFZinSWs
  L_longjmp7
  L_end___CC2D
  ___CC2D
  L_end___CC2DW
  ___CC2DW
  L_end___CA2AW
  ___CA2AW
  L_end___CCA2AW
  ___CCA2AW
  L_end___CS2S
  ___CS2S
  L_end___CCS2S
  ___CCS2S
  L_end___FZinS
  ___FZinS
  L_end_____DoIFC
  _____DoIFC
  L_end_Swap
  _Swap
  L_end_setjmp
  _setjmp
  L_end_longjmp
  _longjmp
  L_interrupt0
  L_interrupt1
  L_interrupt2
  L_main3
  L_main4
  L_main5
  L_main6
  L_main7
  L_main8
  L_main9
  L_main10
  L_main11
  L_main12
  L_end_configurar
  _configurar
  L_end_interrupt
  _interrupt
  L__interrupt15
  L__interrupt16
  L_end_main
  _main
  L__main18
  L__main19
