Warning[205] /home/chr/MPLABXProjects/Pruebap06.X/codigo.asm 1 : Found directive in column 1. (list)
Error[105]   /home/chr/MPLABXProjects/Pruebap06.X/codigo.asm 2 : Cannot open file (Include File "p18f4550.ASM" not found)
Warning[207] /home/chr/MPLABXProjects/Pruebap06.X/codigo.asm 6 : Found label after column 1. (contador)
Warning[207] /home/chr/MPLABXProjects/Pruebap06.X/codigo.asm 7 : Found label after column 1. (continuar)
Error[113]   /home/chr/MPLABXProjects/Pruebap06.X/codigo.asm 10 : Symbol not previously defined (TRISD)
Error[113]   /home/chr/MPLABXProjects/Pruebap06.X/codigo.asm 11 : Symbol not previously defined (PORTD)
Error[113]   /home/chr/MPLABXProjects/Pruebap06.X/codigo.asm 17 : Symbol not previously defined (TMR1H)
Error[113]   /home/chr/MPLABXProjects/Pruebap06.X/codigo.asm 18 : Symbol not previously defined (TMR1L)
Error[113]   /home/chr/MPLABXProjects/Pruebap06.X/codigo.asm 20 : Symbol not previously defined (TMR1)
Error[113]   /home/chr/MPLABXProjects/Pruebap06.X/codigo.asm 22 : Symbol not previously defined (TMR1)
Error[113]   /home/chr/MPLABXProjects/Pruebap06.X/codigo.asm 23 : Symbol not previously defined (TMR1)
Error[113]   /home/chr/MPLABXProjects/Pruebap06.X/codigo.asm 26 : Symbol not previously defined (PIE1)
Error[113]   /home/chr/MPLABXProjects/Pruebap06.X/codigo.asm 29 : Symbol not previously defined (INTCON)
Error[113]   /home/chr/MPLABXProjects/Pruebap06.X/codigo.asm 31 : Symbol not previously defined (TMR1)
Error[113]   /home/chr/MPLABXProjects/Pruebap06.X/codigo.asm 34 : Symbol not previously defined (TMR1)
Error[113]   /home/chr/MPLABXProjects/Pruebap06.X/codigo.asm 36 : Symbol not previously defined (PIE1)
Error[113]   /home/chr/MPLABXProjects/Pruebap06.X/codigo.asm 38 : Symbol not previously defined (TMR1L)
Error[113]   /home/chr/MPLABXProjects/Pruebap06.X/codigo.asm 40 : Symbol not previously defined (TMR1H)
Error[113]   /home/chr/MPLABXProjects/Pruebap06.X/codigo.asm 58 : Symbol not previously defined (PORTD)
Error[113]   /home/chr/MPLABXProjects/Pruebap06.X/codigo.asm 64 : Symbol not previously defined (TMR1)
Error[113]   /home/chr/MPLABXProjects/Pruebap06.X/codigo.asm 73 : Symbol not previously defined (PORTD)
Error[113]   /home/chr/MPLABXProjects/Pruebap06.X/codigo.asm 76 : Symbol not previously defined (PORTD)
Error[128]   /home/chr/MPLABXProjects/Pruebap06.X/codigo.asm 79 : Missing argument(s)
Warning[205] /home/chr/MPLABXProjects/Pruebap06.X/codigo.asm 92 : Found directive in column 1. (end)
